<?xml version="1.0" encoding="UTF-8"?>
<!-- Generated by org.testng.reporters.JUnitReportReporter -->
<testsuite skipped="0" hostname="Gateway-PC" name="com.schemaxtech.testAutomationFrameworkTest.Plant" tests="6" failures="0" timestamp="27 Dec 2019 06:48:20 GMT" time="0.980" errors="2">
  <testcase name="getPlant" time="0.281" classname="com.schemaxtech.testAutomationFrameworkTest.Plant"/>
  <testcase name="createPlant" time="0.132" classname="com.schemaxtech.testAutomationFrameworkTest.Plant">
    <error type="java.lang.NullPointerException">
      <![CDATA[java.lang.NullPointerExceptionat com.schemaxtech.testAutomationFramework.TestAutomationUtil.verifyResponse(TestAutomationUtil.java:323)at com.schemaxtech.testAutomationFrameworkTest.Plant.createPlant(Plant.java:89)at sun.reflect.NativeMethodAccessorImpl.invoke0(Native Method)at sun.reflect.NativeMethodAccessorImpl.invoke(NativeMethodAccessorImpl.java:62)at sun.reflect.DelegatingMethodAccessorImpl.invoke(DelegatingMethodAccessorImpl.java:43)at java.lang.reflect.Method.invoke(Method.java:498)at org.testng.internal.MethodInvocationHelper.invokeMethod(MethodInvocationHelper.java:124)at org.testng.internal.Invoker.invokeMethod(Invoker.java:571)at org.testng.internal.Invoker.invokeTestMethod(Invoker.java:707)at org.testng.internal.Invoker.invokeTestMethods(Invoker.java:979)at org.testng.internal.TestMethodWorker.invokeTestMethods(TestMethodWorker.java:125)at org.testng.internal.TestMethodWorker.run(TestMethodWorker.java:109)at java.util.concurrent.ThreadPoolExecutor.runWorker(ThreadPoolExecutor.java:1149)at java.util.concurrent.ThreadPoolExecutor$Worker.run(ThreadPoolExecutor.java:624)at java.lang.Thread.run(Thread.java:748)]]>
    </error>
  </testcase> <!-- createPlant -->
  <testcase name="getPlant" time="0.133" classname="com.schemaxtech.testAutomationFrameworkTest.Plant"/>
  <testcase name="createPlant" time="0.160" classname="com.schemaxtech.testAutomationFrameworkTest.Plant"/>
  <testcase name="updatePlant" time="0.148" classname="com.schemaxtech.testAutomationFrameworkTest.Plant">
    <error type="java.lang.NullPointerException">
      <![CDATA[java.lang.NullPointerExceptionat com.schemaxtech.testAutomationFramework.TestAutomationUtil.verifyResponse(TestAutomationUtil.java:323)at com.schemaxtech.testAutomationFrameworkTest.Plant.updatePlant(Plant.java:116)at sun.reflect.NativeMethodAccessorImpl.invoke0(Native Method)at sun.reflect.NativeMethodAccessorImpl.invoke(NativeMethodAccessorImpl.java:62)at sun.reflect.DelegatingMethodAccessorImpl.invoke(DelegatingMethodAccessorImpl.java:43)at java.lang.reflect.Method.invoke(Method.java:498)at org.testng.internal.MethodInvocationHelper.invokeMethod(MethodInvocationHelper.java:124)at org.testng.internal.Invoker.invokeMethod(Invoker.java:571)at org.testng.internal.Invoker.invokeTestMethod(Invoker.java:707)at org.testng.internal.Invoker.invokeTestMethods(Invoker.java:979)at org.testng.internal.TestMethodWorker.invokeTestMethods(TestMethodWorker.java:125)at org.testng.internal.TestMethodWorker.run(TestMethodWorker.java:109)at java.util.concurrent.ThreadPoolExecutor.runWorker(ThreadPoolExecutor.java:1149)at java.util.concurrent.ThreadPoolExecutor$Worker.run(ThreadPoolExecutor.java:624)at java.lang.Thread.run(Thread.java:748)]]>
    </error>
  </testcase> <!-- updatePlant -->
  <testcase name="updatePlant" time="0.126" classname="com.schemaxtech.testAutomationFrameworkTest.Plant"/>
</testsuite> <!-- com.schemaxtech.testAutomationFrameworkTest.Plant -->
