<?xml version="1.0" encoding="UTF-8"?>
<!-- Generated by org.testng.reporters.JUnitReportReporter -->
<testsuite skipped="0" hostname="Gateway-PC" name="com.schemaxtech.testAutomationFrameworkTest.Cluster" tests="6" failures="0" timestamp="27 Dec 2019 06:48:20 GMT" time="1.179" errors="0">
  <testcase name="getCluster" time="0.139" classname="com.schemaxtech.testAutomationFrameworkTest.Cluster"/>
  <testcase name="createCluster" time="0.692" classname="com.schemaxtech.testAutomationFrameworkTest.Cluster"/>
  <testcase name="createCluster" time="0.054" classname="com.schemaxtech.testAutomationFrameworkTest.Cluster"/>
  <testcase name="getCluster" time="0.093" classname="com.schemaxtech.testAutomationFrameworkTest.Cluster"/>
  <testcase name="updateCluster" time="0.129" classname="com.schemaxtech.testAutomationFrameworkTest.Cluster"/>
  <testcase name="updateCluster" time="0.072" classname="com.schemaxtech.testAutomationFrameworkTest.Cluster"/>
</testsuite> <!-- com.schemaxtech.testAutomationFrameworkTest.Cluster -->
