<?xml version="1.0" encoding="UTF-8"?>
<!-- Generated by org.testng.reporters.JUnitReportReporter -->
<testsuite skipped="0" hostname="DESKTOP-VUJAVO7" name="com.schemaxtech.testAutomationFrameworkTest.PmsSurplusLocationCategory" tests="9" failures="0" timestamp="14 Aug 2019 07:20:27 GMT" time="1.437" errors="2">
  <testcase name="createPmsSurplusLocationCategory" time="0.340" classname="com.schemaxtech.testAutomationFrameworkTest.PmsSurplusLocationCategory">
    <error type="java.lang.NullPointerException">
      <![CDATA[java.lang.NullPointerException
at com.schemaxtech.testAutomationFramework.TestAutomationUtil.verifyResponse(TestAutomationUtil.java:243)
at com.schemaxtech.testAutomationFrameworkTest.PmsSurplusLocationCategory.createPmsSurplusLocationCategory(PmsSurplusLocationCategory.java:70)
at sun.reflect.NativeMethodAccessorImpl.invoke0(Native Method)
at sun.reflect.NativeMethodAccessorImpl.invoke(Unknown Source)
at sun.reflect.DelegatingMethodAccessorImpl.invoke(Unknown Source)
at java.lang.reflect.Method.invoke(Unknown Source)
at org.testng.internal.MethodInvocationHelper.invokeMethod(MethodInvocationHelper.java:124)
at org.testng.internal.Invoker.invokeMethod(Invoker.java:583)
at org.testng.internal.Invoker.invokeTestMethod(Invoker.java:719)
at org.testng.internal.Invoker.invokeTestMethods(Invoker.java:989)
at org.testng.internal.TestMethodWorker.invokeTestMethods(TestMethodWorker.java:125)
at org.testng.internal.TestMethodWorker.run(TestMethodWorker.java:109)
at java.util.concurrent.ThreadPoolExecutor.runWorker(Unknown Source)
at java.util.concurrent.ThreadPoolExecutor$Worker.run(Unknown Source)
at java.lang.Thread.run(Unknown Source)
]]>
    </error>
  </testcase> <!-- createPmsSurplusLocationCategory -->
  <testcase name="createPmsSurplusLocationCategory" time="0.129" classname="com.schemaxtech.testAutomationFrameworkTest.PmsSurplusLocationCategory">
    <error type="java.lang.NullPointerException">
      <![CDATA[java.lang.NullPointerException
at com.schemaxtech.testAutomationFramework.TestAutomationUtil.verifyResponse(TestAutomationUtil.java:243)
at com.schemaxtech.testAutomationFrameworkTest.PmsSurplusLocationCategory.createPmsSurplusLocationCategory(PmsSurplusLocationCategory.java:70)
at sun.reflect.NativeMethodAccessorImpl.invoke0(Native Method)
at sun.reflect.NativeMethodAccessorImpl.invoke(Unknown Source)
at sun.reflect.DelegatingMethodAccessorImpl.invoke(Unknown Source)
at java.lang.reflect.Method.invoke(Unknown Source)
at org.testng.internal.MethodInvocationHelper.invokeMethod(MethodInvocationHelper.java:124)
at org.testng.internal.Invoker.invokeMethod(Invoker.java:583)
at org.testng.internal.Invoker.invokeTestMethod(Invoker.java:719)
at org.testng.internal.Invoker.invokeTestMethods(Invoker.java:989)
at org.testng.internal.TestMethodWorker.invokeTestMethods(TestMethodWorker.java:125)
at org.testng.internal.TestMethodWorker.run(TestMethodWorker.java:109)
at java.util.concurrent.ThreadPoolExecutor.runWorker(Unknown Source)
at java.util.concurrent.ThreadPoolExecutor$Worker.run(Unknown Source)
at java.lang.Thread.run(Unknown Source)
]]>
    </error>
  </testcase> <!-- createPmsSurplusLocationCategory -->
  <testcase name="updatePmsSurplusLocationCategory" time="0.356" classname="com.schemaxtech.testAutomationFrameworkTest.PmsSurplusLocationCategory"/>
  <testcase name="updatePmsSurplusLocationCategory" time="0.140" classname="com.schemaxtech.testAutomationFrameworkTest.PmsSurplusLocationCategory"/>
  <testcase name="updatePmsSurplusLocationCategory" time="0.272" classname="com.schemaxtech.testAutomationFrameworkTest.PmsSurplusLocationCategory"/>
  <testcase name="getSurplusLocationCategory" time="0.048" classname="com.schemaxtech.testAutomationFrameworkTest.PmsSurplusLocationCategory"/>
  <testcase name="getSurplusLocationCategory" time="0.036" classname="com.schemaxtech.testAutomationFrameworkTest.PmsSurplusLocationCategory"/>
  <testcase name="deActivateSurplusLocationCategory" time="0.044" classname="com.schemaxtech.testAutomationFrameworkTest.PmsSurplusLocationCategory"/>
  <testcase name="deActivateSurplusLocationCategory" time="0.072" classname="com.schemaxtech.testAutomationFrameworkTest.PmsSurplusLocationCategory"/>
</testsuite> <!-- com.schemaxtech.testAutomationFrameworkTest.PmsSurplusLocationCategory -->
