<?xml version="1.0" encoding="UTF-8"?>
<!-- Generated by org.testng.reporters.JUnitReportReporter -->
<testsuite skipped="0" hostname="Gateway-PC" name="com.schemaxtech.testAutomationFrameworkTest.Cluster" tests="6" failures="0" timestamp="27 Dec 2019 11:57:04 GMT" time="3.409" errors="0">
  <testcase name="createCluster" time="2.891" classname="com.schemaxtech.testAutomationFrameworkTest.Cluster"/>
  <testcase name="getCluster" time="0.050" classname="com.schemaxtech.testAutomationFrameworkTest.Cluster"/>
  <testcase name="getCluster" time="0.074" classname="com.schemaxtech.testAutomationFrameworkTest.Cluster"/>
  <testcase name="createCluster" time="0.055" classname="com.schemaxtech.testAutomationFrameworkTest.Cluster"/>
  <testcase name="updateCluster" time="0.282" classname="com.schemaxtech.testAutomationFrameworkTest.Cluster"/>
  <testcase name="updateCluster" time="0.057" classname="com.schemaxtech.testAutomationFrameworkTest.Cluster"/>
</testsuite> <!-- com.schemaxtech.testAutomationFrameworkTest.Cluster -->
