<?xml version="1.0" encoding="UTF-8"?>
<!-- Generated by org.testng.reporters.JUnitReportReporter -->
<testsuite skipped="0" hostname="Gateway-PC" name="com.schemaxtech.testAutomationFrameworkTest.Plant" tests="6" failures="0" timestamp="27 Dec 2019 11:57:19 GMT" time="3.347" errors="0">
  <testcase name="createPlant" time="0.085" classname="com.schemaxtech.testAutomationFrameworkTest.Plant"/>
  <testcase name="getPlant" time="0.045" classname="com.schemaxtech.testAutomationFrameworkTest.Plant"/>
  <testcase name="createPlant" time="2.818" classname="com.schemaxtech.testAutomationFrameworkTest.Plant"/>
  <testcase name="getPlant" time="0.099" classname="com.schemaxtech.testAutomationFrameworkTest.Plant"/>
  <testcase name="updatePlant" time="0.227" classname="com.schemaxtech.testAutomationFrameworkTest.Plant"/>
  <testcase name="updatePlant" time="0.073" classname="com.schemaxtech.testAutomationFrameworkTest.Plant"/>
</testsuite> <!-- com.schemaxtech.testAutomationFrameworkTest.Plant -->
