<?xml version="1.0" encoding="UTF-8"?>
<!-- Generated by org.testng.reporters.JUnitReportReporter -->
<testsuite skipped="0" hostname="Gateway-PC" name="com.schemaxtech.testAutomationFrameworkTest.Company" tests="7" failures="0" timestamp="27 Dec 2019 11:56:37 GMT" time="3.319" errors="1">
  <testcase name="postSampleTest" time="2.909" classname="com.schemaxtech.testAutomationFrameworkTest.Company"/>
  <testcase name="postSampleTest" time="0.068" classname="com.schemaxtech.testAutomationFrameworkTest.Company"/>
  <testcase name="postSampleTest" time="0.060" classname="com.schemaxtech.testAutomationFrameworkTest.Company"/>
  <testcase name="getCompany" time="0.056" classname="com.schemaxtech.testAutomationFrameworkTest.Company"/>
  <testcase name="getCompany" time="0.076" classname="com.schemaxtech.testAutomationFrameworkTest.Company"/>
  <testcase name="updateCompany" time="0.049" classname="com.schemaxtech.testAutomationFrameworkTest.Company"/>
  <testcase name="updateCompany" time="0.101" classname="com.schemaxtech.testAutomationFrameworkTest.Company">
    <error type="java.lang.NullPointerException">
      <![CDATA[java.lang.NullPointerException
at com.schemaxtech.testAutomationFramework.TestAutomationUtil.verifyResponse(TestAutomationUtil.java:323)
at com.schemaxtech.testAutomationFrameworkTest.Company.updateCompany(Company.java:124)
at sun.reflect.NativeMethodAccessorImpl.invoke0(Native Method)
at sun.reflect.NativeMethodAccessorImpl.invoke(NativeMethodAccessorImpl.java:62)
at sun.reflect.DelegatingMethodAccessorImpl.invoke(DelegatingMethodAccessorImpl.java:43)
at java.lang.reflect.Method.invoke(Method.java:498)
at org.testng.internal.MethodInvocationHelper.invokeMethod(MethodInvocationHelper.java:124)
at org.testng.internal.Invoker.invokeMethod(Invoker.java:583)
at org.testng.internal.Invoker.invokeTestMethod(Invoker.java:719)
at org.testng.internal.Invoker.invokeTestMethods(Invoker.java:989)
at org.testng.internal.TestMethodWorker.invokeTestMethods(TestMethodWorker.java:125)
at org.testng.internal.TestMethodWorker.run(TestMethodWorker.java:109)
at org.testng.TestRunner.privateRun(TestRunner.java:648)
at org.testng.TestRunner.run(TestRunner.java:505)
at org.testng.SuiteRunner.runTest(SuiteRunner.java:455)
at org.testng.SuiteRunner.runSequentially(SuiteRunner.java:450)
at org.testng.SuiteRunner.privateRun(SuiteRunner.java:415)
at org.testng.SuiteRunner.run(SuiteRunner.java:364)
at org.testng.SuiteRunnerWorker.runSuite(SuiteRunnerWorker.java:52)
at org.testng.SuiteRunnerWorker.run(SuiteRunnerWorker.java:84)
at org.testng.TestNG.runSuitesSequentially(TestNG.java:1208)
at org.testng.TestNG.runSuitesLocally(TestNG.java:1137)
at org.testng.TestNG.runSuites(TestNG.java:1049)
at org.testng.TestNG.run(TestNG.java:1017)
at org.testng.remote.AbstractRemoteTestNG.run(AbstractRemoteTestNG.java:115)
at org.testng.remote.RemoteTestNG.initAndRun(RemoteTestNG.java:251)
at org.testng.remote.RemoteTestNG.main(RemoteTestNG.java:77)
]]>
    </error>
  </testcase> <!-- updateCompany -->
</testsuite> <!-- com.schemaxtech.testAutomationFrameworkTest.Company -->
